<?xml version="1.0" encoding="UTF-8"?>
<testsuite name="demo"
           tests="22"
           failures="0"
           errors="0"
           skipped="0"
           time="390.258">
  <properties />
  
  
            <testcase name="test_click_sitemap_cat22" time="18.617" classname="com.seleniumPlus.testcase.TestClickSitemap" />
                <testcase name="test_click_sitemap_cat13" time="16.711" classname="com.seleniumPlus.testcase.TestClickSitemap" />
                <testcase name="test_click_sitemap_cat14" time="16.678" classname="com.seleniumPlus.testcase.TestClickSitemap" />
                <testcase name="test_click_sitemap_cat7" time="17.208" classname="com.seleniumPlus.testcase.TestClickSitemap" />
                <testcase name="test_click_sitemap_cat17" time="16.479" classname="com.seleniumPlus.testcase.TestClickSitemap" />
                <testcase name="test_click_sitemap_cat20" time="16.939" classname="com.seleniumPlus.testcase.TestClickSitemap" />
                <testcase name="test_click_sitemap_cat3" time="17.858" classname="com.seleniumPlus.testcase.TestClickSitemap" />
                <testcase name="test_click_sitemap_cat8" time="18.595" classname="com.seleniumPlus.testcase.TestClickSitemap" />
                <testcase name="test_click_sitemap_cat5" time="17.555" classname="com.seleniumPlus.testcase.TestClickSitemap" />
                <testcase name="test_click_sitemap_cat9" time="18.681" classname="com.seleniumPlus.testcase.TestClickSitemap" />
                <testcase name="test_click_sitemap_cat6" time="17.704" classname="com.seleniumPlus.testcase.TestClickSitemap" />
                <testcase name="test_click_sitemap_cat16" time="18.488" classname="com.seleniumPlus.testcase.TestClickSitemap" />
                <testcase name="test_click_sitemap_cat1" time="19.735" classname="com.seleniumPlus.testcase.TestClickSitemap" />
                <testcase name="test_click_sitemap_cat10" time="19.440" classname="com.seleniumPlus.testcase.TestClickSitemap" />
                <testcase name="test_click_sitemap_cat21" time="17.626" classname="com.seleniumPlus.testcase.TestClickSitemap" />
                <testcase name="test_click_sitemap_cat12" time="17.850" classname="com.seleniumPlus.testcase.TestClickSitemap" />
                <testcase name="test_click_sitemap_cat2" time="17.938" classname="com.seleniumPlus.testcase.TestClickSitemap" />
                <testcase name="test_click_sitemap_cat4" time="17.628" classname="com.seleniumPlus.testcase.TestClickSitemap" />
                <testcase name="test_click_sitemap_cat19" time="17.125" classname="com.seleniumPlus.testcase.TestClickSitemap" />
                <testcase name="test_click_sitemap_cat11" time="17.300" classname="com.seleniumPlus.testcase.TestClickSitemap" />
                <testcase name="test_click_sitemap_cat18" time="16.448" classname="com.seleniumPlus.testcase.TestClickSitemap" />
                <testcase name="test_click_sitemap_cat15" time="17.655" classname="com.seleniumPlus.testcase.TestClickSitemap" />
      
</testsuite>
